\BOOKMARK [0][-]{chapter.1}{\376\377\0001\000\040\000M\000o\000d\000u\000l\000e\000\040\000I\000n\000d\000e\000x}{}% 1
\BOOKMARK [1][-]{section.1.1}{\376\377\0001\000.\0001\000\040\000M\000o\000d\000u\000l\000e\000s}{chapter.1}% 2
\BOOKMARK [0][-]{chapter.2}{\376\377\0002\000\040\000D\000a\000t\000a\000\040\000S\000t\000r\000u\000c\000t\000u\000r\000e\000\040\000I\000n\000d\000e\000x}{}% 3
\BOOKMARK [1][-]{section.2.1}{\376\377\0002\000.\0001\000\040\000D\000a\000t\000a\000\040\000S\000t\000r\000u\000c\000t\000u\000r\000e\000s}{chapter.2}% 4
\BOOKMARK [0][-]{chapter.3}{\376\377\0003\000\040\000F\000i\000l\000e\000\040\000I\000n\000d\000e\000x}{}% 5
\BOOKMARK [1][-]{section.3.1}{\376\377\0003\000.\0001\000\040\000F\000i\000l\000e\000\040\000L\000i\000s\000t}{chapter.3}% 6
\BOOKMARK [0][-]{chapter.4}{\376\377\0004\000\040\000M\000o\000d\000u\000l\000e\000\040\000D\000o\000c\000u\000m\000e\000n\000t\000a\000t\000i\000o\000n}{}% 7
\BOOKMARK [1][-]{section.4.1}{\376\377\0004\000.\0001\000\040\000A\000r\000m\000u\000r\000o\000\040\000H\000a\000r\000d\000w\000a\000r\000e}{chapter.4}% 8
\BOOKMARK [2][-]{subsection.4.1.1}{\376\377\0004\000.\0001\000.\0001\000\040\000D\000e\000t\000a\000i\000l\000e\000d\000\040\000D\000e\000s\000c\000r\000i\000p\000t\000i\000o\000n}{section.4.1}% 9
\BOOKMARK [2][-]{subsection.4.1.2}{\376\377\0004\000.\0001\000.\0002\000\040\000F\000u\000n\000c\000t\000i\000o\000n\000\040\000D\000o\000c\000u\000m\000e\000n\000t\000a\000t\000i\000o\000n}{section.4.1}% 10
\BOOKMARK [3][-]{subsubsection.4.1.2.1}{\376\377\0004\000.\0001\000.\0002\000.\0001\000\040\000a\000n\000g\000l\000e\000T\000o\000D\000i\000s\000t\000a\000n\000c\000e\000\050\000\051}{subsection.4.1.2}% 11
\BOOKMARK [3][-]{subsubsection.4.1.2.2}{\376\377\0004\000.\0001\000.\0002\000.\0002\000\040\000c\000h\000e\000c\000k\000S\000w\000i\000t\000c\000h\000e\000s\000P\000r\000e\000s\000s\000e\000d\000\050\000\051}{subsection.4.1.2}% 12
\BOOKMARK [3][-]{subsubsection.4.1.2.3}{\376\377\0004\000.\0001\000.\0002\000.\0003\000\040\000d\000i\000d\000R\000e\000a\000d\000S\000e\000n\000s\000o\000r\000s\000\050\000\051}{subsection.4.1.2}% 13
\BOOKMARK [3][-]{subsubsection.4.1.2.4}{\376\377\0004\000.\0001\000.\0002\000.\0004\000\040\000d\000i\000d\000R\000e\000a\000d\000W\000h\000e\000e\000l\000E\000n\000c\000o\000d\000e\000r\000\050\000\051}{subsection.4.1.2}% 14
\BOOKMARK [3][-]{subsubsection.4.1.2.5}{\376\377\0004\000.\0001\000.\0002\000.\0005\000\040\000d\000i\000s\000t\000a\000n\000c\000e\000T\000o\000A\000n\000g\000l\000e\000\050\000\051}{subsection.4.1.2}% 15
\BOOKMARK [3][-]{subsubsection.4.1.2.6}{\376\377\0004\000.\0001\000.\0002\000.\0006\000\040\000g\000e\000t\000A\000n\000g\000l\000e\000F\000o\000r\000W\000h\000e\000e\000l\000\050\000\051}{subsection.4.1.2}% 16
\BOOKMARK [3][-]{subsubsection.4.1.2.7}{\376\377\0004\000.\0001\000.\0002\000.\0007\000\040\000g\000e\000t\000A\000n\000g\000l\000e\000F\000o\000r\000W\000h\000e\000e\000l\000s\000\050\000\051}{subsection.4.1.2}% 17
\BOOKMARK [3][-]{subsubsection.4.1.2.8}{\376\377\0004\000.\0001\000.\0002\000.\0008\000\040\000g\000e\000t\000L\000i\000n\000e\000S\000e\000n\000s\000o\000r\000R\000e\000a\000d\000i\000n\000g\000s\000\050\000\051}{subsection.4.1.2}% 18
\BOOKMARK [3][-]{subsubsection.4.1.2.9}{\376\377\0004\000.\0001\000.\0002\000.\0009\000\040\000g\000e\000t\000R\000a\000w\000L\000i\000n\000e\000S\000e\000n\000s\000o\000r\000R\000e\000a\000d\000i\000n\000g\000s\000\050\000\051}{subsection.4.1.2}% 19
\BOOKMARK [3][-]{subsubsection.4.1.2.10}{\376\377\0004\000.\0001\000.\0002\000.\0001\0000\000\040\000m\000a\000p\000\050\000\051}{subsection.4.1.2}% 20
\BOOKMARK [3][-]{subsubsection.4.1.2.11}{\376\377\0004\000.\0001\000.\0002\000.\0001\0001\000\040\000m\000a\000p\000L\000i\000n\000e\000S\000e\000n\000s\000o\000r\000R\000e\000a\000d\000i\000n\000g\000T\000o\000R\000a\000n\000g\000e\000\050\000\051}{subsection.4.1.2}% 21
\BOOKMARK [3][-]{subsubsection.4.1.2.12}{\376\377\0004\000.\0001\000.\0002\000.\0001\0002\000\040\000p\000r\000i\000n\000t\000\050\000\051}{subsection.4.1.2}% 22
\BOOKMARK [3][-]{subsubsection.4.1.2.13}{\376\377\0004\000.\0001\000.\0002\000.\0001\0003\000\040\000r\000e\000s\000e\000t\000A\000n\000g\000l\000e\000M\000e\000a\000s\000u\000r\000e\000m\000e\000n\000t\000\050\000\051}{subsection.4.1.2}% 23
\BOOKMARK [3][-]{subsubsection.4.1.2.14}{\376\377\0004\000.\0001\000.\0002\000.\0001\0004\000\040\000s\000e\000t\000L\000E\000D\000\050\000\051}{subsection.4.1.2}% 24
\BOOKMARK [3][-]{subsubsection.4.1.2.15}{\376\377\0004\000.\0001\000.\0002\000.\0001\0005\000\040\000s\000e\000t\000R\000e\000a\000r\000L\000E\000D\000\050\000\051}{subsection.4.1.2}% 25
\BOOKMARK [3][-]{subsubsection.4.1.2.16}{\376\377\0004\000.\0001\000.\0002\000.\0001\0006\000\040\000s\000p\000e\000e\000d\000D\000i\000f\000f\000e\000r\000e\000n\000c\000e\000F\000o\000r\000R\000a\000d\000i\000u\000s\000\050\000\051}{subsection.4.1.2}% 26
\BOOKMARK [3][-]{subsubsection.4.1.2.17}{\376\377\0004\000.\0001\000.\0002\000.\0001\0007\000\040\000s\000t\000o\000p\000A\000n\000g\000l\000e\000M\000e\000a\000s\000u\000r\000e\000m\000e\000n\000t\000\050\000\051}{subsection.4.1.2}% 27
\BOOKMARK [3][-]{subsubsection.4.1.2.18}{\376\377\0004\000.\0001\000.\0002\000.\0001\0008\000\040\000s\000t\000o\000p\000M\000o\000t\000o\000r\000\050\000\051}{subsection.4.1.2}% 28
\BOOKMARK [3][-]{subsubsection.4.1.2.19}{\376\377\0004\000.\0001\000.\0002\000.\0001\0009\000\040\000t\000u\000r\000n\000M\000o\000t\000o\000r\000\050\000\051}{subsection.4.1.2}% 29
\BOOKMARK [1][-]{section.4.2}{\376\377\0004\000.\0002\000\040\000B\000l\000i\000n\000k\000\040\000L\000E\000D}{chapter.4}% 30
\BOOKMARK [2][-]{subsection.4.2.1}{\376\377\0004\000.\0002\000.\0001\000\040\000D\000e\000t\000a\000i\000l\000e\000d\000\040\000D\000e\000s\000c\000r\000i\000p\000t\000i\000o\000n}{section.4.2}% 31
\BOOKMARK [2][-]{subsection.4.2.2}{\376\377\0004\000.\0002\000.\0002\000\040\000F\000u\000n\000c\000t\000i\000o\000n\000\040\000D\000o\000c\000u\000m\000e\000n\000t\000a\000t\000i\000o\000n}{section.4.2}% 32
\BOOKMARK [3][-]{subsubsection.4.2.2.1}{\376\377\0004\000.\0002\000.\0002\000.\0001\000\040\000b\000l\000i\000n\000k\000L\000E\000D\000\050\000\051}{subsection.4.2.2}% 33
\BOOKMARK [3][-]{subsubsection.4.2.2.2}{\376\377\0004\000.\0002\000.\0002\000.\0002\000\040\000b\000l\000i\000n\000k\000L\000E\000D\000T\000a\000s\000k\000\050\000\051}{subsection.4.2.2}% 34
\BOOKMARK [3][-]{subsubsection.4.2.2.3}{\376\377\0004\000.\0002\000.\0002\000.\0003\000\040\000s\000t\000o\000p\000B\000l\000i\000n\000k\000i\000n\000g\000L\000E\000D\000\050\000\051}{subsection.4.2.2}% 35
\BOOKMARK [1][-]{section.4.3}{\376\377\0004\000.\0003\000\040\000C\000a\000l\000i\000b\000r\000a\000t\000e\000\040\000R\000o\000b\000o\000t}{chapter.4}% 36
\BOOKMARK [2][-]{subsection.4.3.1}{\376\377\0004\000.\0003\000.\0001\000\040\000D\000e\000t\000a\000i\000l\000e\000d\000\040\000D\000e\000s\000c\000r\000i\000p\000t\000i\000o\000n}{section.4.3}% 37
\BOOKMARK [2][-]{subsection.4.3.2}{\376\377\0004\000.\0003\000.\0002\000\040\000F\000u\000n\000c\000t\000i\000o\000n\000\040\000D\000o\000c\000u\000m\000e\000n\000t\000a\000t\000i\000o\000n}{section.4.3}% 38
\BOOKMARK [3][-]{subsubsection.4.3.2.1}{\376\377\0004\000.\0003\000.\0002\000.\0001\000\040\000c\000a\000l\000i\000b\000r\000a\000t\000e\000\050\000\051}{subsection.4.3.2}% 39
\BOOKMARK [3][-]{subsubsection.4.3.2.2}{\376\377\0004\000.\0003\000.\0002\000.\0002\000\040\000c\000a\000l\000i\000b\000r\000a\000t\000e\000T\000a\000s\000k\000\050\000\051}{subsection.4.3.2}% 40
\BOOKMARK [3][-]{subsubsection.4.3.2.3}{\376\377\0004\000.\0003\000.\0002\000.\0003\000\040\000r\000e\000a\000d\000B\000l\000a\000c\000k\000L\000i\000n\000e\000S\000e\000n\000s\000o\000r\000s\000\050\000\051}{subsection.4.3.2}% 41
\BOOKMARK [3][-]{subsubsection.4.3.2.4}{\376\377\0004\000.\0003\000.\0002\000.\0004\000\040\000r\000e\000a\000d\000W\000h\000i\000t\000e\000L\000i\000n\000e\000S\000e\000n\000s\000o\000r\000s\000\050\000\051}{subsection.4.3.2}% 42
\BOOKMARK [1][-]{section.4.4}{\376\377\0004\000.\0004\000\040\000L\000i\000n\000e\000\040\000F\000o\000l\000l\000o\000w}{chapter.4}% 43
\BOOKMARK [2][-]{subsection.4.4.1}{\376\377\0004\000.\0004\000.\0001\000\040\000D\000e\000t\000a\000i\000l\000e\000d\000\040\000D\000e\000s\000c\000r\000i\000p\000t\000i\000o\000n}{section.4.4}% 44
\BOOKMARK [2][-]{subsection.4.4.2}{\376\377\0004\000.\0004\000.\0002\000\040\000T\000y\000p\000e\000d\000e\000f\000\040\000D\000o\000c\000u\000m\000e\000n\000t\000a\000t\000i\000o\000n}{section.4.4}% 45
\BOOKMARK [3][-]{subsubsection.4.4.2.1}{\376\377\0004\000.\0004\000.\0002\000.\0001\000\040\000C\000h\000e\000c\000k\000L\000i\000n\000e\000R\000e\000s\000u\000l\000t}{subsection.4.4.2}% 46
\BOOKMARK [3][-]{subsubsection.4.4.2.2}{\376\377\0004\000.\0004\000.\0002\000.\0002\000\040\000F\000o\000l\000l\000o\000w\000L\000i\000n\000e\000R\000e\000s\000u\000l\000t}{subsection.4.4.2}% 47
\BOOKMARK [3][-]{subsubsection.4.4.2.3}{\376\377\0004\000.\0004\000.\0002\000.\0003\000\040\000S\000e\000a\000r\000c\000h\000L\000i\000n\000e\000R\000e\000s\000u\000l\000t}{subsection.4.4.2}% 48
\BOOKMARK [3][-]{subsubsection.4.4.2.4}{\376\377\0004\000.\0004\000.\0002\000.\0004\000\040\000S\000e\000a\000r\000c\000h\000L\000i\000n\000e\000S\000t\000a\000t\000e}{subsection.4.4.2}% 49
\BOOKMARK [2][-]{subsection.4.4.3}{\376\377\0004\000.\0004\000.\0003\000\040\000E\000n\000u\000m\000e\000r\000a\000t\000i\000o\000n\000\040\000T\000y\000p\000e\000\040\000D\000o\000c\000u\000m\000e\000n\000t\000a\000t\000i\000o\000n}{section.4.4}% 50
\BOOKMARK [3][-]{subsubsection.4.4.3.1}{\376\377\0004\000.\0004\000.\0003\000.\0001\000\040\000C\000h\000e\000c\000k\000L\000i\000n\000e\000R\000e\000s\000u\000l\000t}{subsection.4.4.3}% 51
\BOOKMARK [3][-]{subsubsection.4.4.3.2}{\376\377\0004\000.\0004\000.\0003\000.\0002\000\040\000F\000o\000l\000l\000o\000w\000L\000i\000n\000e\000R\000e\000s\000u\000l\000t}{subsection.4.4.3}% 52
\BOOKMARK [3][-]{subsubsection.4.4.3.3}{\376\377\0004\000.\0004\000.\0003\000.\0003\000\040\000S\000e\000a\000r\000c\000h\000L\000i\000n\000e\000R\000e\000s\000u\000l\000t}{subsection.4.4.3}% 53
\BOOKMARK [3][-]{subsubsection.4.4.3.4}{\376\377\0004\000.\0004\000.\0003\000.\0004\000\040\000S\000e\000a\000r\000c\000h\000L\000i\000n\000e\000S\000t\000a\000t\000e}{subsection.4.4.3}% 54
\BOOKMARK [2][-]{subsection.4.4.4}{\376\377\0004\000.\0004\000.\0004\000\040\000F\000u\000n\000c\000t\000i\000o\000n\000\040\000D\000o\000c\000u\000m\000e\000n\000t\000a\000t\000i\000o\000n}{section.4.4}% 55
\BOOKMARK [3][-]{subsubsection.4.4.4.1}{\376\377\0004\000.\0004\000.\0004\000.\0001\000\040\000c\000h\000e\000c\000k\000F\000o\000r\000L\000i\000n\000e\000\050\000\051}{subsection.4.4.4}% 56
\BOOKMARK [3][-]{subsubsection.4.4.4.2}{\376\377\0004\000.\0004\000.\0004\000.\0002\000\040\000f\000o\000l\000l\000o\000w\000L\000i\000n\000e\000\050\000\051}{subsection.4.4.4}% 57
\BOOKMARK [3][-]{subsubsection.4.4.4.3}{\376\377\0004\000.\0004\000.\0004\000.\0003\000\040\000f\000o\000l\000l\000o\000w\000L\000i\000n\000e\000T\000a\000s\000k\000\050\000\051}{subsection.4.4.4}% 58
\BOOKMARK [3][-]{subsubsection.4.4.4.4}{\376\377\0004\000.\0004\000.\0004\000.\0004\000\040\000s\000e\000a\000r\000c\000h\000L\000i\000n\000e\000\050\000\051}{subsection.4.4.4}% 59
\BOOKMARK [3][-]{subsubsection.4.4.4.5}{\376\377\0004\000.\0004\000.\0004\000.\0005\000\040\000s\000e\000a\000r\000c\000h\000L\000i\000n\000e\000T\000a\000s\000k\000\050\000\051}{subsection.4.4.4}% 60
\BOOKMARK [1][-]{section.4.5}{\376\377\0004\000.\0005\000\040\000O\000b\000s\000t\000a\000c\000l\000e\000\040\000A\000v\000o\000i\000d\000a\000n\000c\000e}{chapter.4}% 61
\BOOKMARK [2][-]{subsection.4.5.1}{\376\377\0004\000.\0005\000.\0001\000\040\000D\000e\000t\000a\000i\000l\000e\000d\000\040\000D\000e\000s\000c\000r\000i\000p\000t\000i\000o\000n}{section.4.5}% 62
\BOOKMARK [2][-]{subsection.4.5.2}{\376\377\0004\000.\0005\000.\0002\000\040\000T\000y\000p\000e\000d\000e\000f\000\040\000D\000o\000c\000u\000m\000e\000n\000t\000a\000t\000i\000o\000n}{section.4.5}% 63
\BOOKMARK [3][-]{subsubsection.4.5.2.1}{\376\377\0004\000.\0005\000.\0002\000.\0001\000\040\000O\000b\000s\000t\000a\000c\000l\000e\000A\000v\000o\000i\000d\000a\000n\000c\000e\000C\000o\000n\000f\000i\000g}{subsection.4.5.2}% 64
\BOOKMARK [3][-]{subsubsection.4.5.2.2}{\376\377\0004\000.\0005\000.\0002\000.\0002\000\040\000O\000b\000s\000t\000a\000c\000l\000e\000A\000v\000o\000i\000d\000a\000n\000c\000e\000S\000t\000a\000t\000e}{subsection.4.5.2}% 65
\BOOKMARK [2][-]{subsection.4.5.3}{\376\377\0004\000.\0005\000.\0003\000\040\000E\000n\000u\000m\000e\000r\000a\000t\000i\000o\000n\000\040\000T\000y\000p\000e\000\040\000D\000o\000c\000u\000m\000e\000n\000t\000a\000t\000i\000o\000n}{section.4.5}% 66
\BOOKMARK [3][-]{subsubsection.4.5.3.1}{\376\377\0004\000.\0005\000.\0003\000.\0001\000\040\000O\000b\000s\000t\000a\000c\000l\000e\000A\000v\000o\000i\000d\000a\000n\000c\000e\000S\000t\000a\000t\000e}{subsection.4.5.3}% 67
\BOOKMARK [2][-]{subsection.4.5.4}{\376\377\0004\000.\0005\000.\0004\000\040\000F\000u\000n\000c\000t\000i\000o\000n\000\040\000D\000o\000c\000u\000m\000e\000n\000t\000a\000t\000i\000o\000n}{section.4.5}% 68
\BOOKMARK [3][-]{subsubsection.4.5.4.1}{\376\377\0004\000.\0005\000.\0004\000.\0001\000\040\000a\000v\000o\000i\000d\000O\000b\000s\000t\000a\000c\000l\000e\000\050\000\051}{subsection.4.5.4}% 69
\BOOKMARK [3][-]{subsubsection.4.5.4.2}{\376\377\0004\000.\0005\000.\0004\000.\0002\000\040\000a\000v\000o\000i\000d\000O\000b\000s\000t\000a\000c\000l\000e\000T\000a\000s\000k\000\050\000\051}{subsection.4.5.4}% 70
\BOOKMARK [3][-]{subsubsection.4.5.4.3}{\376\377\0004\000.\0005\000.\0004\000.\0003\000\040\000c\000h\000e\000c\000k\000F\000o\000r\000O\000b\000s\000t\000a\000c\000l\000e\000\050\000\051}{subsection.4.5.4}% 71
\BOOKMARK [3][-]{subsubsection.4.5.4.4}{\376\377\0004\000.\0005\000.\0004\000.\0004\000\040\000c\000o\000n\000f\000i\000g\000u\000r\000e\000O\000b\000s\000t\000a\000c\000l\000e\000A\000v\000o\000i\000d\000a\000n\000c\000e\000\050\000\051}{subsection.4.5.4}% 72
\BOOKMARK [1][-]{section.4.6}{\376\377\0004\000.\0006\000\040\000P\000a\000r\000c\000o\000u\000r}{chapter.4}% 73
\BOOKMARK [2][-]{subsection.4.6.1}{\376\377\0004\000.\0006\000.\0001\000\040\000D\000e\000t\000a\000i\000l\000e\000d\000\040\000D\000e\000s\000c\000r\000i\000p\000t\000i\000o\000n}{section.4.6}% 74
\BOOKMARK [2][-]{subsection.4.6.2}{\376\377\0004\000.\0006\000.\0002\000\040\000T\000y\000p\000e\000d\000e\000f\000\040\000D\000o\000c\000u\000m\000e\000n\000t\000a\000t\000i\000o\000n}{section.4.6}% 75
\BOOKMARK [3][-]{subsubsection.4.6.2.1}{\376\377\0004\000.\0006\000.\0002\000.\0001\000\040\000S\000t\000a\000t\000e\000M\000a\000c\000h\000i\000n\000e}{subsection.4.6.2}% 76
\BOOKMARK [2][-]{subsection.4.6.3}{\376\377\0004\000.\0006\000.\0003\000\040\000E\000n\000u\000m\000e\000r\000a\000t\000i\000o\000n\000\040\000T\000y\000p\000e\000\040\000D\000o\000c\000u\000m\000e\000n\000t\000a\000t\000i\000o\000n}{section.4.6}% 77
\BOOKMARK [3][-]{subsubsection.4.6.3.1}{\376\377\0004\000.\0006\000.\0003\000.\0001\000\040\000S\000t\000a\000t\000e\000M\000a\000c\000h\000i\000n\000e}{subsection.4.6.3}% 78
\BOOKMARK [2][-]{subsection.4.6.4}{\376\377\0004\000.\0006\000.\0004\000\040\000F\000u\000n\000c\000t\000i\000o\000n\000\040\000D\000o\000c\000u\000m\000e\000n\000t\000a\000t\000i\000o\000n}{section.4.6}% 79
\BOOKMARK [3][-]{subsubsection.4.6.4.1}{\376\377\0004\000.\0006\000.\0004\000.\0001\000\040\000d\000r\000i\000v\000e\000P\000a\000r\000c\000o\000u\000r\000\050\000\051}{subsection.4.6.4}% 80
\BOOKMARK [3][-]{subsubsection.4.6.4.2}{\376\377\0004\000.\0006\000.\0004\000.\0002\000\040\000s\000t\000a\000r\000t\000P\000a\000r\000c\000o\000u\000r\000\050\000\051}{subsection.4.6.4}% 81
\BOOKMARK [2][-]{subsection.4.6.5}{\376\377\0004\000.\0006\000.\0005\000\040\000V\000a\000r\000i\000a\000b\000l\000e\000\040\000D\000o\000c\000u\000m\000e\000n\000t\000a\000t\000i\000o\000n}{section.4.6}% 82
\BOOKMARK [3][-]{subsubsection.4.6.5.1}{\376\377\0004\000.\0006\000.\0005\000.\0001\000\040\000c\000u\000r\000r\000e\000n\000t\000S\000t\000a\000t\000e}{subsection.4.6.5}% 83
\BOOKMARK [3][-]{subsubsection.4.6.5.2}{\376\377\0004\000.\0006\000.\0005\000.\0002\000\040\000n\000e\000x\000t\000S\000t\000a\000t\000e}{subsection.4.6.5}% 84
\BOOKMARK [3][-]{subsubsection.4.6.5.3}{\376\377\0004\000.\0006\000.\0005\000.\0003\000\040\000s\000t\000a\000t\000e}{subsection.4.6.5}% 85
\BOOKMARK [1][-]{section.4.7}{\376\377\0004\000.\0007\000\040\000P\000I\000D\000\040\000C\000o\000n\000t\000r\000o\000l\000l\000e\000r}{chapter.4}% 86
\BOOKMARK [2][-]{subsection.4.7.1}{\376\377\0004\000.\0007\000.\0001\000\040\000D\000e\000t\000a\000i\000l\000e\000d\000\040\000D\000e\000s\000c\000r\000i\000p\000t\000i\000o\000n}{section.4.7}% 87
\BOOKMARK [2][-]{subsection.4.7.2}{\376\377\0004\000.\0007\000.\0002\000\040\000T\000y\000p\000e\000d\000e\000f\000\040\000D\000o\000c\000u\000m\000e\000n\000t\000a\000t\000i\000o\000n}{section.4.7}% 88
\BOOKMARK [3][-]{subsubsection.4.7.2.1}{\376\377\0004\000.\0007\000.\0002\000.\0001\000\040\000P\000I\000D\000C\000o\000n\000f\000i\000g}{subsection.4.7.2}% 89
\BOOKMARK [2][-]{subsection.4.7.3}{\376\377\0004\000.\0007\000.\0003\000\040\000F\000u\000n\000c\000t\000i\000o\000n\000\040\000D\000o\000c\000u\000m\000e\000n\000t\000a\000t\000i\000o\000n}{section.4.7}% 90
\BOOKMARK [3][-]{subsubsection.4.7.3.1}{\376\377\0004\000.\0007\000.\0003\000.\0001\000\040\000c\000a\000l\000c\000u\000l\000a\000t\000e\000P\000I\000D\000O\000u\000t\000p\000u\000t\000\050\000\051}{subsection.4.7.3}% 91
\BOOKMARK [3][-]{subsubsection.4.7.3.2}{\376\377\0004\000.\0007\000.\0003\000.\0002\000\040\000i\000n\000i\000t\000P\000I\000D\000\050\000\051}{subsection.4.7.3}% 92
\BOOKMARK [1][-]{section.4.8}{\376\377\0004\000.\0008\000\040\000T\000r\000a\000j\000e\000c\000t\000o\000r\000y}{chapter.4}% 93
\BOOKMARK [2][-]{subsection.4.8.1}{\376\377\0004\000.\0008\000.\0001\000\040\000D\000e\000t\000a\000i\000l\000e\000d\000\040\000D\000e\000s\000c\000r\000i\000p\000t\000i\000o\000n}{section.4.8}% 94
\BOOKMARK [2][-]{subsection.4.8.2}{\376\377\0004\000.\0008\000.\0002\000\040\000T\000y\000p\000e\000d\000e\000f\000\040\000D\000o\000c\000u\000m\000e\000n\000t\000a\000t\000i\000o\000n}{section.4.8}% 95
\BOOKMARK [3][-]{subsubsection.4.8.2.1}{\376\377\0004\000.\0008\000.\0002\000.\0001\000\040\000T\000r\000a\000j\000e\000c\000t\000o\000r\000y\000S\000t\000a\000t\000e\000M\000a\000c\000h\000i\000n\000e}{subsection.4.8.2}% 96
\BOOKMARK [2][-]{subsection.4.8.3}{\376\377\0004\000.\0008\000.\0003\000\040\000E\000n\000u\000m\000e\000r\000a\000t\000i\000o\000n\000\040\000T\000y\000p\000e\000\040\000D\000o\000c\000u\000m\000e\000n\000t\000a\000t\000i\000o\000n}{section.4.8}% 97
\BOOKMARK [3][-]{subsubsection.4.8.3.1}{\376\377\0004\000.\0008\000.\0003\000.\0001\000\040\000T\000r\000a\000j\000e\000c\000t\000o\000r\000y\000S\000t\000a\000t\000e\000M\000a\000c\000h\000i\000n\000e}{subsection.4.8.3}% 98
\BOOKMARK [2][-]{subsection.4.8.4}{\376\377\0004\000.\0008\000.\0004\000\040\000F\000u\000n\000c\000t\000i\000o\000n\000\040\000D\000o\000c\000u\000m\000e\000n\000t\000a\000t\000i\000o\000n}{section.4.8}% 99
\BOOKMARK [3][-]{subsubsection.4.8.4.1}{\376\377\0004\000.\0008\000.\0004\000.\0001\000\040\000d\000r\000i\000v\000e\000T\000r\000a\000j\000e\000c\000t\000o\000r\000y\000T\000a\000s\000k\000\050\000\051}{subsection.4.8.4}% 100
\BOOKMARK [3][-]{subsubsection.4.8.4.2}{\376\377\0004\000.\0008\000.\0004\000.\0002\000\040\000s\000t\000a\000r\000t\000T\000r\000a\000j\000e\000c\000t\000o\000r\000y\000\050\000\051}{subsection.4.8.4}% 101
\BOOKMARK [1][-]{section.4.9}{\376\377\0004\000.\0009\000\040\000W\000h\000e\000e\000l\000s}{chapter.4}% 102
\BOOKMARK [2][-]{subsection.4.9.1}{\376\377\0004\000.\0009\000.\0001\000\040\000D\000e\000t\000a\000i\000l\000e\000d\000\040\000D\000e\000s\000c\000r\000i\000p\000t\000i\000o\000n}{section.4.9}% 103
\BOOKMARK [2][-]{subsection.4.9.2}{\376\377\0004\000.\0009\000.\0002\000\040\000T\000y\000p\000e\000d\000e\000f\000\040\000D\000o\000c\000u\000m\000e\000n\000t\000a\000t\000i\000o\000n}{section.4.9}% 104
\BOOKMARK [3][-]{subsubsection.4.9.2.1}{\376\377\0004\000.\0009\000.\0002\000.\0001\000\040\000T\000u\000r\000n\000W\000h\000e\000e\000l\000s\000T\000a\000s\000k\000T\000y\000p\000e}{subsection.4.9.2}% 105
\BOOKMARK [2][-]{subsection.4.9.3}{\376\377\0004\000.\0009\000.\0003\000\040\000E\000n\000u\000m\000e\000r\000a\000t\000i\000o\000n\000\040\000T\000y\000p\000e\000\040\000D\000o\000c\000u\000m\000e\000n\000t\000a\000t\000i\000o\000n}{section.4.9}% 106
\BOOKMARK [3][-]{subsubsection.4.9.3.1}{\376\377\0004\000.\0009\000.\0003\000.\0001\000\040\000T\000u\000r\000n\000W\000h\000e\000e\000l\000s\000T\000a\000s\000k\000T\000y\000p\000e}{subsection.4.9.3}% 107
\BOOKMARK [2][-]{subsection.4.9.4}{\376\377\0004\000.\0009\000.\0004\000\040\000F\000u\000n\000c\000t\000i\000o\000n\000\040\000D\000o\000c\000u\000m\000e\000n\000t\000a\000t\000i\000o\000n}{section.4.9}% 108
\BOOKMARK [3][-]{subsubsection.4.9.4.1}{\376\377\0004\000.\0009\000.\0004\000.\0001\000\040\000s\000t\000o\000p\000W\000h\000e\000e\000l\000\050\000\051}{subsection.4.9.4}% 109
\BOOKMARK [3][-]{subsubsection.4.9.4.2}{\376\377\0004\000.\0009\000.\0004\000.\0002\000\040\000t\000u\000r\000n\000A\000r\000m\000u\000r\000o\000\050\000\051}{subsection.4.9.4}% 110
\BOOKMARK [3][-]{subsubsection.4.9.4.3}{\376\377\0004\000.\0009\000.\0004\000.\0003\000\040\000t\000u\000r\000n\000A\000r\000m\000u\000r\000o\000I\000n\000T\000i\000m\000e\000\050\000\051}{subsection.4.9.4}% 111
\BOOKMARK [3][-]{subsubsection.4.9.4.4}{\376\377\0004\000.\0009\000.\0004\000.\0004\000\040\000t\000u\000r\000n\000W\000h\000e\000e\000l\000B\000y\000A\000n\000g\000l\000e\000\050\000\051}{subsection.4.9.4}% 112
\BOOKMARK [3][-]{subsubsection.4.9.4.5}{\376\377\0004\000.\0009\000.\0004\000.\0005\000\040\000t\000u\000r\000n\000W\000h\000e\000e\000l\000B\000y\000A\000n\000g\000l\000e\000I\000n\000T\000i\000m\000e\000\050\000\051}{subsection.4.9.4}% 113
\BOOKMARK [3][-]{subsubsection.4.9.4.6}{\376\377\0004\000.\0009\000.\0004\000.\0006\000\040\000t\000u\000r\000n\000W\000h\000e\000e\000l\000s\000S\000y\000n\000c\000h\000r\000o\000n\000i\000z\000e\000d\000\050\000\051}{subsection.4.9.4}% 114
\BOOKMARK [3][-]{subsubsection.4.9.4.7}{\376\377\0004\000.\0009\000.\0004\000.\0007\000\040\000t\000u\000r\000n\000W\000h\000e\000e\000l\000s\000S\000y\000n\000c\000h\000r\000o\000n\000i\000z\000e\000d\000B\000y\000A\000n\000g\000l\000e\000\050\000\051}{subsection.4.9.4}% 115
\BOOKMARK [3][-]{subsubsection.4.9.4.8}{\376\377\0004\000.\0009\000.\0004\000.\0008\000\040\000t\000u\000r\000n\000W\000h\000e\000e\000l\000s\000T\000a\000s\000k\000\050\000\051}{subsection.4.9.4}% 116
\BOOKMARK [3][-]{subsubsection.4.9.4.9}{\376\377\0004\000.\0009\000.\0004\000.\0009\000\040\000t\000u\000r\000n\000W\000h\000e\000e\000l\000W\000i\000t\000h\000S\000p\000e\000e\000d\000\050\000\051}{subsection.4.9.4}% 117
\BOOKMARK [0][-]{chapter.5}{\376\377\0005\000\040\000D\000a\000t\000a\000\040\000S\000t\000r\000u\000c\000t\000u\000r\000e\000\040\000D\000o\000c\000u\000m\000e\000n\000t\000a\000t\000i\000o\000n}{}% 118
\BOOKMARK [1][-]{section.5.1}{\376\377\0005\000.\0001\000\040\000O\000b\000s\000t\000a\000c\000l\000e\000A\000v\000o\000i\000d\000a\000n\000c\000e\000C\000o\000n\000f\000i\000g\000\040\000S\000t\000r\000u\000c\000t\000\040\000R\000e\000f\000e\000r\000e\000n\000c\000e}{chapter.5}% 119
\BOOKMARK [2][-]{subsection.5.1.1}{\376\377\0005\000.\0001\000.\0001\000\040\000D\000e\000t\000a\000i\000l\000e\000d\000\040\000D\000e\000s\000c\000r\000i\000p\000t\000i\000o\000n}{section.5.1}% 120
\BOOKMARK [2][-]{subsection.5.1.2}{\376\377\0005\000.\0001\000.\0002\000\040\000F\000i\000e\000l\000d\000\040\000D\000o\000c\000u\000m\000e\000n\000t\000a\000t\000i\000o\000n}{section.5.1}% 121
\BOOKMARK [3][-]{subsubsection.5.1.2.1}{\376\377\0005\000.\0001\000.\0002\000.\0001\000\040\000a\000t\000t\000a\000c\000k\000A\000n\000g\000l\000e}{subsection.5.1.2}% 122
\BOOKMARK [3][-]{subsubsection.5.1.2.2}{\376\377\0005\000.\0001\000.\0002\000.\0002\000\040\000b\000a\000c\000k\000O\000f\000f\000D\000i\000s\000t\000a\000n\000c\000e}{subsection.5.1.2}% 123
\BOOKMARK [3][-]{subsubsection.5.1.2.3}{\376\377\0005\000.\0001\000.\0002\000.\0003\000\040\000c\000i\000r\000c\000l\000e\000R\000a\000d\000i\000u\000s}{subsection.5.1.2}% 124
\BOOKMARK [3][-]{subsubsection.5.1.2.4}{\376\377\0005\000.\0001\000.\0002\000.\0004\000\040\000d\000i\000s\000t\000a\000n\000c\000e\000T\000o\000D\000r\000i\000v\000e}{subsection.5.1.2}% 125
\BOOKMARK [1][-]{section.5.2}{\376\377\0005\000.\0002\000\040\000P\000I\000D\000C\000o\000n\000f\000i\000g\000\040\000S\000t\000r\000u\000c\000t\000\040\000R\000e\000f\000e\000r\000e\000n\000c\000e}{chapter.5}% 126
\BOOKMARK [2][-]{subsection.5.2.1}{\376\377\0005\000.\0002\000.\0001\000\040\000D\000e\000t\000a\000i\000l\000e\000d\000\040\000D\000e\000s\000c\000r\000i\000p\000t\000i\000o\000n}{section.5.2}% 127
\BOOKMARK [2][-]{subsection.5.2.2}{\376\377\0005\000.\0002\000.\0002\000\040\000F\000i\000e\000l\000d\000\040\000D\000o\000c\000u\000m\000e\000n\000t\000a\000t\000i\000o\000n}{section.5.2}% 128
\BOOKMARK [3][-]{subsubsection.5.2.2.1}{\376\377\0005\000.\0002\000.\0002\000.\0001\000\040\000d\000\137\000g\000a\000i\000n}{subsection.5.2.2}% 129
\BOOKMARK [3][-]{subsubsection.5.2.2.2}{\376\377\0005\000.\0002\000.\0002\000.\0002\000\040\000i\000\137\000g\000a\000i\000n}{subsection.5.2.2}% 130
\BOOKMARK [3][-]{subsubsection.5.2.2.3}{\376\377\0005\000.\0002\000.\0002\000.\0003\000\040\000i\000\137\000r\000e\000l\000a\000x}{subsection.5.2.2}% 131
\BOOKMARK [3][-]{subsubsection.5.2.2.4}{\376\377\0005\000.\0002\000.\0002\000.\0004\000\040\000i\000n\000t\000e\000g\000r\000a\000l}{subsection.5.2.2}% 132
\BOOKMARK [3][-]{subsubsection.5.2.2.5}{\376\377\0005\000.\0002\000.\0002\000.\0005\000\040\000m\000a\000x\000\137\000i}{subsection.5.2.2}% 133
\BOOKMARK [3][-]{subsubsection.5.2.2.6}{\376\377\0005\000.\0002\000.\0002\000.\0006\000\040\000o\000l\000d\000\137\000i\000n\000p\000u\000t}{subsection.5.2.2}% 134
\BOOKMARK [3][-]{subsubsection.5.2.2.7}{\376\377\0005\000.\0002\000.\0002\000.\0007\000\040\000p\000\137\000g\000a\000i\000n}{subsection.5.2.2}% 135
\BOOKMARK [1][-]{section.5.3}{\376\377\0005\000.\0003\000\040\000W\000h\000e\000e\000l\000A\000n\000g\000l\000e\000\040\000S\000t\000r\000u\000c\000t\000\040\000R\000e\000f\000e\000r\000e\000n\000c\000e}{chapter.5}% 136
\BOOKMARK [2][-]{subsection.5.3.1}{\376\377\0005\000.\0003\000.\0001\000\040\000F\000i\000e\000l\000d\000\040\000D\000o\000c\000u\000m\000e\000n\000t\000a\000t\000i\000o\000n}{section.5.3}% 137
\BOOKMARK [3][-]{subsubsection.5.3.1.1}{\376\377\0005\000.\0003\000.\0001\000.\0001\000\040\000l\000e\000f\000t}{subsection.5.3.1}% 138
\BOOKMARK [3][-]{subsubsection.5.3.1.2}{\376\377\0005\000.\0003\000.\0001\000.\0002\000\040\000l\000e\000f\000t\000T\000i\000c\000k\000s}{subsection.5.3.1}% 139
\BOOKMARK [3][-]{subsubsection.5.3.1.3}{\376\377\0005\000.\0003\000.\0001\000.\0003\000\040\000r\000i\000g\000h\000t}{subsection.5.3.1}% 140
\BOOKMARK [3][-]{subsubsection.5.3.1.4}{\376\377\0005\000.\0003\000.\0001\000.\0004\000\040\000r\000i\000g\000h\000t\000T\000i\000c\000k\000s}{subsection.5.3.1}% 141
\BOOKMARK [1][-]{section.5.4}{\376\377\0005\000.\0004\000\040\000W\000h\000e\000e\000l\000A\000n\000g\000l\000e\000L\000i\000s\000t\000I\000t\000e\000m\000\040\000S\000t\000r\000u\000c\000t\000\040\000R\000e\000f\000e\000r\000e\000n\000c\000e}{chapter.5}% 142
\BOOKMARK [2][-]{subsection.5.4.1}{\376\377\0005\000.\0004\000.\0001\000\040\000F\000i\000e\000l\000d\000\040\000D\000o\000c\000u\000m\000e\000n\000t\000a\000t\000i\000o\000n}{section.5.4}% 143
\BOOKMARK [3][-]{subsubsection.5.4.1.1}{\376\377\0005\000.\0004\000.\0001\000.\0001\000\040\000a\000n\000g\000l\000e}{subsection.5.4.1}% 144
\BOOKMARK [3][-]{subsubsection.5.4.1.2}{\376\377\0005\000.\0004\000.\0001\000.\0002\000\040\000n\000e\000x\000t}{subsection.5.4.1}% 145
\BOOKMARK [3][-]{subsubsection.5.4.1.3}{\376\377\0005\000.\0004\000.\0001\000.\0003\000\040\000p\000r\000e\000v}{subsection.5.4.1}% 146
\BOOKMARK [0][-]{chapter.6}{\376\377\0006\000\040\000F\000i\000l\000e\000\040\000D\000o\000c\000u\000m\000e\000n\000t\000a\000t\000i\000o\000n}{}% 147
\BOOKMARK [1][-]{section.6.1}{\376\377\0006\000.\0001\000\040\000/\000U\000s\000e\000r\000s\000/\000d\000e\000n\000n\000i\000s\000/\000C\000l\000o\000u\000d\000S\000t\000a\000t\000i\000o\000n\000/\000S\000t\000u\000d\000i\000u\000m\000/\000M\000o\000b\000i\000l\000e\000\040\000R\000o\000b\000o\000t\000e\000r\000/\000S\000o\000f\000t\000w\000a\000r\000e\000/\000l\000i\000b\000/\000a\000r\000m\000u\000r\000o\000/\000a\000r\000m\000u\000r\000o\000.\000c\000\040\000F\000i\000l\000e\000\040\000R\000e\000f\000e\000r\000e\000n\000c\000e}{chapter.6}% 148
\BOOKMARK [2][-]{subsection.6.1.1}{\376\377\0006\000.\0001\000.\0001\000\040\000M\000a\000c\000r\000o\000\040\000D\000e\000f\000i\000n\000i\000t\000i\000o\000n\000\040\000D\000o\000c\000u\000m\000e\000n\000t\000a\000t\000i\000o\000n}{section.6.1}% 149
\BOOKMARK [3][-]{subsubsection.6.1.1.1}{\376\377\0006\000.\0001\000.\0001\000.\0001\000\040\000L\000E\000F\000T\000\137\000E\000N\000C\000O\000D\000E\000R\000\137\000H\000I\000G\000H\000\137\000T\000H\000R\000E\000S\000H\000O\000L\000D}{subsection.6.1.1}% 150
\BOOKMARK [3][-]{subsubsection.6.1.1.2}{\376\377\0006\000.\0001\000.\0001\000.\0002\000\040\000L\000E\000F\000T\000\137\000E\000N\000C\000O\000D\000E\000R\000\137\000L\000O\000W\000\137\000T\000H\000R\000E\000S\000H\000O\000L\000D}{subsection.6.1.1}% 151
\BOOKMARK [3][-]{subsubsection.6.1.1.3}{\376\377\0006\000.\0001\000.\0001\000.\0003\000\040\000M\000A\000X\000\137\000P\000W\000M}{subsection.6.1.1}% 152
\BOOKMARK [3][-]{subsubsection.6.1.1.4}{\376\377\0006\000.\0001\000.\0001\000.\0004\000\040\000R\000I\000G\000H\000T\000\137\000E\000N\000C\000O\000D\000E\000R\000\137\000H\000I\000G\000H\000\137\000T\000H\000R\000E\000S\000H\000O\000L\000D}{subsection.6.1.1}% 153
\BOOKMARK [3][-]{subsubsection.6.1.1.5}{\376\377\0006\000.\0001\000.\0001\000.\0005\000\040\000R\000I\000G\000H\000T\000\137\000E\000N\000C\000O\000D\000E\000R\000\137\000L\000O\000W\000\137\000T\000H\000R\000E\000S\000H\000O\000L\000D}{subsection.6.1.1}% 154
\BOOKMARK [2][-]{subsection.6.1.2}{\376\377\0006\000.\0001\000.\0002\000\040\000T\000y\000p\000e\000d\000e\000f\000\040\000D\000o\000c\000u\000m\000e\000n\000t\000a\000t\000i\000o\000n}{section.6.1}% 155
\BOOKMARK [3][-]{subsubsection.6.1.2.1}{\376\377\0006\000.\0001\000.\0002\000.\0001\000\040\000W\000h\000e\000e\000l\000A\000n\000g\000l\000e\000L\000i\000s\000t\000I\000t\000e\000m}{subsection.6.1.2}% 156
\BOOKMARK [2][-]{subsection.6.1.3}{\376\377\0006\000.\0001\000.\0003\000\040\000F\000u\000n\000c\000t\000i\000o\000n\000\040\000D\000o\000c\000u\000m\000e\000n\000t\000a\000t\000i\000o\000n}{section.6.1}% 157
\BOOKMARK [3][-]{subsubsection.6.1.3.1}{\376\377\0006\000.\0001\000.\0003\000.\0001\000\040\000i\000n\000i\000t\000M\000o\000t\000o\000r\000s\000\050\000\051}{subsection.6.1.3}% 158
\BOOKMARK [3][-]{subsubsection.6.1.3.2}{\376\377\0006\000.\0001\000.\0003\000.\0002\000\040\000s\000c\000h\000m\000i\000t\000t\000T\000r\000i\000g\000g\000e\000r\000\050\000\051}{subsection.6.1.3}% 159
\BOOKMARK [3][-]{subsubsection.6.1.3.3}{\376\377\0006\000.\0001\000.\0003\000.\0003\000\040\000s\000t\000a\000r\000t\000A\000n\000g\000l\000e\000M\000e\000a\000s\000u\000r\000e\000m\000e\000n\000t\000\050\000\051}{subsection.6.1.3}% 160
\BOOKMARK [2][-]{subsection.6.1.4}{\376\377\0006\000.\0001\000.\0004\000\040\000V\000a\000r\000i\000a\000b\000l\000e\000\040\000D\000o\000c\000u\000m\000e\000n\000t\000a\000t\000i\000o\000n}{section.6.1}% 161
\BOOKMARK [3][-]{subsubsection.6.1.4.1}{\376\377\0006\000.\0001\000.\0004\000.\0001\000\040\000m\000a\000x\000L\000i\000n\000e\000S\000e\000n\000s\000o\000r\000V\000a\000l\000u\000e\000s}{subsection.6.1.4}% 162
\BOOKMARK [3][-]{subsubsection.6.1.4.2}{\376\377\0006\000.\0001\000.\0004\000.\0002\000\040\000m\000i\000n\000L\000i\000n\000e\000S\000e\000n\000s\000o\000r\000V\000a\000l\000u\000e\000s}{subsection.6.1.4}% 163
\BOOKMARK [3][-]{subsubsection.6.1.4.3}{\376\377\0006\000.\0001\000.\0004\000.\0003\000\040\000w\000h\000e\000e\000l\000A\000n\000g\000l\000e\000L\000i\000s\000t}{subsection.6.1.4}% 164
\BOOKMARK [3][-]{subsubsection.6.1.4.4}{\376\377\0006\000.\0001\000.\0004\000.\0004\000\040\000w\000h\000e\000e\000l\000A\000n\000g\000l\000e\000L\000i\000s\000t\000E\000n\000d}{subsection.6.1.4}% 165
\BOOKMARK [3][-]{subsubsection.6.1.4.5}{\376\377\0006\000.\0001\000.\0004\000.\0005\000\040\000w\000h\000e\000e\000l\000E\000n\000c\000o\000d\000e\000r\000O\000l\000d\000V\000a\000l\000u\000e\000s}{subsection.6.1.4}% 166
\BOOKMARK [3][-]{subsubsection.6.1.4.6}{\376\377\0006\000.\0001\000.\0004\000.\0006\000\040\000w\000h\000e\000e\000l\000E\000n\000c\000o\000d\000e\000r\000T\000i\000c\000k\000s\000C\000o\000u\000n\000t}{subsection.6.1.4}% 167
\BOOKMARK [1][-]{section.6.2}{\376\377\0006\000.\0002\000\040\000/\000U\000s\000e\000r\000s\000/\000d\000e\000n\000n\000i\000s\000/\000C\000l\000o\000u\000d\000S\000t\000a\000t\000i\000o\000n\000/\000S\000t\000u\000d\000i\000u\000m\000/\000M\000o\000b\000i\000l\000e\000\040\000R\000o\000b\000o\000t\000e\000r\000/\000S\000o\000f\000t\000w\000a\000r\000e\000/\000l\000i\000b\000/\000a\000r\000m\000u\000r\000o\000/\000a\000r\000m\000u\000r\000o\000.\000h\000\040\000F\000i\000l\000e\000\040\000R\000e\000f\000e\000r\000e\000n\000c\000e}{chapter.6}% 168
\BOOKMARK [2][-]{subsection.6.2.1}{\376\377\0006\000.\0002\000.\0001\000\040\000M\000a\000c\000r\000o\000\040\000D\000e\000f\000i\000n\000i\000t\000i\000o\000n\000\040\000D\000o\000c\000u\000m\000e\000n\000t\000a\000t\000i\000o\000n}{section.6.2}% 169
\BOOKMARK [3][-]{subsubsection.6.2.1.1}{\376\377\0006\000.\0002\000.\0001\000.\0001\000\040\000A\000R\000M\000U\000R\000O\000\137\000L\000E\000N\000G\000T\000H}{subsection.6.2.1}% 170
\BOOKMARK [3][-]{subsubsection.6.2.1.2}{\376\377\0006\000.\0002\000.\0001\000.\0002\000\040\000B\000A\000C\000K\000W\000A\000R\000D}{subsection.6.2.1}% 171
\BOOKMARK [3][-]{subsubsection.6.2.1.3}{\376\377\0006\000.\0002\000.\0001\000.\0003\000\040\000F\000O\000R\000W\000A\000R\000D}{subsection.6.2.1}% 172
\BOOKMARK [3][-]{subsubsection.6.2.1.4}{\376\377\0006\000.\0002\000.\0001\000.\0004\000\040\000H\000I\000G\000H}{subsection.6.2.1}% 173
\BOOKMARK [3][-]{subsubsection.6.2.1.5}{\376\377\0006\000.\0002\000.\0001\000.\0005\000\040\000L\000O\000W}{subsection.6.2.1}% 174
\BOOKMARK [3][-]{subsubsection.6.2.1.6}{\376\377\0006\000.\0002\000.\0001\000.\0006\000\040\000M\000A\000X\000\137\000L\000E\000F\000T\000\137\000L\000I\000N\000E\000\137\000S\000E\000N\000S\000O\000R\000\137\000V\000A\000L\000U\000E}{subsection.6.2.1}% 175
\BOOKMARK [3][-]{subsubsection.6.2.1.7}{\376\377\0006\000.\0002\000.\0001\000.\0007\000\040\000M\000A\000X\000\137\000M\000I\000D\000D\000L\000E\000\137\000L\000I\000N\000E\000\137\000S\000E\000N\000S\000O\000R\000\137\000V\000A\000L\000U\000E}{subsection.6.2.1}% 176
\BOOKMARK [3][-]{subsubsection.6.2.1.8}{\376\377\0006\000.\0002\000.\0001\000.\0008\000\040\000M\000A\000X\000\137\000R\000I\000G\000H\000T\000\137\000L\000I\000N\000E\000\137\000S\000E\000N\000S\000O\000R\000\137\000V\000A\000L\000U\000E}{subsection.6.2.1}% 177
\BOOKMARK [3][-]{subsubsection.6.2.1.9}{\376\377\0006\000.\0002\000.\0001\000.\0009\000\040\000M\000I\000N\000\137\000A\000N\000G\000L\000E}{subsection.6.2.1}% 178
\BOOKMARK [3][-]{subsubsection.6.2.1.10}{\376\377\0006\000.\0002\000.\0001\000.\0001\0000\000\040\000M\000I\000N\000\137\000L\000E\000F\000T\000\137\000L\000I\000N\000E\000\137\000S\000E\000N\000S\000O\000R\000\137\000V\000A\000L\000U\000E}{subsection.6.2.1}% 179
\BOOKMARK [3][-]{subsubsection.6.2.1.11}{\376\377\0006\000.\0002\000.\0001\000.\0001\0001\000\040\000M\000I\000N\000\137\000M\000I\000D\000D\000L\000E\000\137\000L\000I\000N\000E\000\137\000S\000E\000N\000S\000O\000R\000\137\000V\000A\000L\000U\000E}{subsection.6.2.1}% 180
\BOOKMARK [3][-]{subsubsection.6.2.1.12}{\376\377\0006\000.\0002\000.\0001\000.\0001\0002\000\040\000M\000I\000N\000\137\000R\000I\000G\000H\000T\000\137\000L\000I\000N\000E\000\137\000S\000E\000N\000S\000O\000R\000\137\000V\000A\000L\000U\000E}{subsection.6.2.1}% 181
\BOOKMARK [3][-]{subsubsection.6.2.1.13}{\376\377\0006\000.\0002\000.\0001\000.\0001\0003\000\040\000T\000U\000R\000N\000\137\000C\000I\000R\000C\000U\000M\000F\000E\000R\000E\000N\000C\000E}{subsection.6.2.1}% 182
\BOOKMARK [3][-]{subsubsection.6.2.1.14}{\376\377\0006\000.\0002\000.\0001\000.\0001\0004\000\040\000W\000H\000E\000E\000L\000\137\000C\000I\000R\000C\000U\000M\000F\000E\000R\000E\000N\000C\000E}{subsection.6.2.1}% 183
\BOOKMARK [3][-]{subsubsection.6.2.1.15}{\376\377\0006\000.\0002\000.\0001\000.\0001\0005\000\040\000W\000H\000E\000E\000L\000\137\000D\000I\000S\000T\000A\000N\000C\000E}{subsection.6.2.1}% 184
\BOOKMARK [2][-]{subsection.6.2.2}{\376\377\0006\000.\0002\000.\0002\000\040\000E\000n\000u\000m\000e\000r\000a\000t\000i\000o\000n\000\040\000T\000y\000p\000e\000\040\000D\000o\000c\000u\000m\000e\000n\000t\000a\000t\000i\000o\000n}{section.6.2}% 185
\BOOKMARK [3][-]{subsubsection.6.2.2.1}{\376\377\0006\000.\0002\000.\0002\000.\0001\000\040\000S\000i\000d\000e}{subsection.6.2.2}% 186
\BOOKMARK [2][-]{subsection.6.2.3}{\376\377\0006\000.\0002\000.\0003\000\040\000F\000u\000n\000c\000t\000i\000o\000n\000\040\000D\000o\000c\000u\000m\000e\000n\000t\000a\000t\000i\000o\000n}{section.6.2}% 187
\BOOKMARK [3][-]{subsubsection.6.2.3.1}{\376\377\0006\000.\0002\000.\0003\000.\0001\000\040\000i\000n\000i\000t\000M\000o\000t\000o\000r\000s\000\050\000\051}{subsection.6.2.3}% 188
\BOOKMARK [3][-]{subsubsection.6.2.3.2}{\376\377\0006\000.\0002\000.\0003\000.\0002\000\040\000s\000t\000a\000r\000t\000A\000n\000g\000l\000e\000M\000e\000a\000s\000u\000r\000e\000m\000e\000n\000t\000\050\000\051}{subsection.6.2.3}% 189
\BOOKMARK [2][-]{subsection.6.2.4}{\376\377\0006\000.\0002\000.\0004\000\040\000V\000a\000r\000i\000a\000b\000l\000e\000\040\000D\000o\000c\000u\000m\000e\000n\000t\000a\000t\000i\000o\000n}{section.6.2}% 190
\BOOKMARK [3][-]{subsubsection.6.2.4.1}{\376\377\0006\000.\0002\000.\0004\000.\0001\000\040\000b\000u\000f\000f\000e\000r}{subsection.6.2.4}% 191
\BOOKMARK [3][-]{subsubsection.6.2.4.2}{\376\377\0006\000.\0002\000.\0004\000.\0002\000\040\000m\000a\000x\000L\000i\000n\000e\000S\000e\000n\000s\000o\000r\000V\000a\000l\000u\000e\000s}{subsection.6.2.4}% 192
\BOOKMARK [3][-]{subsubsection.6.2.4.3}{\376\377\0006\000.\0002\000.\0004\000.\0003\000\040\000m\000i\000n\000L\000i\000n\000e\000S\000e\000n\000s\000o\000r\000V\000a\000l\000u\000e\000s}{subsection.6.2.4}% 193
\BOOKMARK [3][-]{subsubsection.6.2.4.4}{\376\377\0006\000.\0002\000.\0004\000.\0004\000\040\000w\000h\000e\000e\000l\000E\000n\000c\000o\000d\000e\000r\000T\000i\000c\000k\000s\000C\000o\000u\000n\000t}{subsection.6.2.4}% 194
\BOOKMARK [1][-]{section.6.3}{\376\377\0006\000.\0003\000\040\000a\000r\000m\000u\000r\000o\000.\000h}{chapter.6}% 195
\BOOKMARK [1][-]{section.6.4}{\376\377\0006\000.\0004\000\040\000/\000U\000s\000e\000r\000s\000/\000d\000e\000n\000n\000i\000s\000/\000C\000l\000o\000u\000d\000S\000t\000a\000t\000i\000o\000n\000/\000S\000t\000u\000d\000i\000u\000m\000/\000M\000o\000b\000i\000l\000e\000\040\000R\000o\000b\000o\000t\000e\000r\000/\000S\000o\000f\000t\000w\000a\000r\000e\000/\000l\000i\000b\000/\000b\000l\000i\000n\000k\000L\000E\000D\000/\000b\000l\000i\000n\000k\000L\000E\000D\000.\000c\000\040\000F\000i\000l\000e\000\040\000R\000e\000f\000e\000r\000e\000n\000c\000e}{chapter.6}% 196
\BOOKMARK [2][-]{subsection.6.4.1}{\376\377\0006\000.\0004\000.\0001\000\040\000E\000n\000u\000m\000e\000r\000a\000t\000i\000o\000n\000\040\000T\000y\000p\000e\000\040\000D\000o\000c\000u\000m\000e\000n\000t\000a\000t\000i\000o\000n}{section.6.4}% 197
\BOOKMARK [3][-]{subsubsection.6.4.1.1}{\376\377\0006\000.\0004\000.\0001\000.\0001\000\040\000L\000E\000D\000S\000t\000a\000t\000e}{subsection.6.4.1}% 198
\BOOKMARK [2][-]{subsection.6.4.2}{\376\377\0006\000.\0004\000.\0002\000\040\000V\000a\000r\000i\000a\000b\000l\000e\000\040\000D\000o\000c\000u\000m\000e\000n\000t\000a\000t\000i\000o\000n}{section.6.4}% 199
\BOOKMARK [3][-]{subsubsection.6.4.2.1}{\376\377\0006\000.\0004\000.\0002\000.\0001\000\040\000l\000e\000d\000S\000t\000a\000t\000e}{subsection.6.4.2}% 200
\BOOKMARK [3][-]{subsubsection.6.4.2.2}{\376\377\0006\000.\0004\000.\0002\000.\0002\000\040\000l\000e\000d\000T\000i\000m\000e\000I\000n\000t\000e\000r\000v\000a\000l}{subsection.6.4.2}% 201
\BOOKMARK [3][-]{subsubsection.6.4.2.3}{\376\377\0006\000.\0004\000.\0002\000.\0003\000\040\000t\000a\000s\000k\000L\000E\000D\000T\000i\000m\000e\000o\000u\000t}{subsection.6.4.2}% 202
\BOOKMARK [1][-]{section.6.5}{\376\377\0006\000.\0005\000\040\000/\000U\000s\000e\000r\000s\000/\000d\000e\000n\000n\000i\000s\000/\000C\000l\000o\000u\000d\000S\000t\000a\000t\000i\000o\000n\000/\000S\000t\000u\000d\000i\000u\000m\000/\000M\000o\000b\000i\000l\000e\000\040\000R\000o\000b\000o\000t\000e\000r\000/\000S\000o\000f\000t\000w\000a\000r\000e\000/\000l\000i\000b\000/\000b\000l\000i\000n\000k\000L\000E\000D\000/\000b\000l\000i\000n\000k\000L\000E\000D\000.\000h\000\040\000F\000i\000l\000e\000\040\000R\000e\000f\000e\000r\000e\000n\000c\000e}{chapter.6}% 203
\BOOKMARK [1][-]{section.6.6}{\376\377\0006\000.\0006\000\040\000b\000l\000i\000n\000k\000L\000E\000D\000.\000h}{chapter.6}% 204
\BOOKMARK [1][-]{section.6.7}{\376\377\0006\000.\0007\000\040\000/\000U\000s\000e\000r\000s\000/\000d\000e\000n\000n\000i\000s\000/\000C\000l\000o\000u\000d\000S\000t\000a\000t\000i\000o\000n\000/\000S\000t\000u\000d\000i\000u\000m\000/\000M\000o\000b\000i\000l\000e\000\040\000R\000o\000b\000o\000t\000e\000r\000/\000S\000o\000f\000t\000w\000a\000r\000e\000/\000l\000i\000b\000/\000c\000a\000l\000i\000b\000r\000a\000t\000e\000/\000c\000a\000l\000i\000b\000r\000a\000t\000e\000.\000c\000\040\000F\000i\000l\000e\000\040\000R\000e\000f\000e\000r\000e\000n\000c\000e}{chapter.6}% 205
\BOOKMARK [2][-]{subsection.6.7.1}{\376\377\0006\000.\0007\000.\0001\000\040\000E\000n\000u\000m\000e\000r\000a\000t\000i\000o\000n\000\040\000T\000y\000p\000e\000\040\000D\000o\000c\000u\000m\000e\000n\000t\000a\000t\000i\000o\000n}{section.6.7}% 206
\BOOKMARK [3][-]{subsubsection.6.7.1.1}{\376\377\0006\000.\0007\000.\0001\000.\0001\000\040\000C\000a\000l\000i\000b\000r\000a\000t\000e\000S\000t\000a\000t\000e}{subsection.6.7.1}% 207
\BOOKMARK [2][-]{subsection.6.7.2}{\376\377\0006\000.\0007\000.\0002\000\040\000F\000u\000n\000c\000t\000i\000o\000n\000\040\000D\000o\000c\000u\000m\000e\000n\000t\000a\000t\000i\000o\000n}{section.6.7}% 208
\BOOKMARK [3][-]{subsubsection.6.7.2.1}{\376\377\0006\000.\0007\000.\0002\000.\0001\000\040\000s\000t\000a\000r\000t\000C\000a\000l\000i\000b\000r\000a\000t\000e\000\050\000\051}{subsection.6.7.2}% 209
\BOOKMARK [2][-]{subsection.6.7.3}{\376\377\0006\000.\0007\000.\0003\000\040\000V\000a\000r\000i\000a\000b\000l\000e\000\040\000D\000o\000c\000u\000m\000e\000n\000t\000a\000t\000i\000o\000n}{section.6.7}% 210
\BOOKMARK [3][-]{subsubsection.6.7.3.1}{\376\377\0006\000.\0007\000.\0003\000.\0001\000\040\000c\000a\000l\000i\000b\000r\000a\000t\000e\000S\000t\000a\000t\000e}{subsection.6.7.3}% 211
\BOOKMARK [3][-]{subsubsection.6.7.3.2}{\376\377\0006\000.\0007\000.\0003\000.\0002\000\040\000c\000a\000l\000i\000b\000r\000a\000t\000e\000S\000t\000a\000t\000e\000S\000t\000a\000t\000e}{subsection.6.7.3}% 212
\BOOKMARK [3][-]{subsubsection.6.7.3.3}{\376\377\0006\000.\0007\000.\0003\000.\0003\000\040\000n\000e\000x\000t\000C\000a\000l\000i\000b\000r\000a\000t\000e\000S\000t\000a\000t\000e}{subsection.6.7.3}% 213
\BOOKMARK [1][-]{section.6.8}{\376\377\0006\000.\0008\000\040\000/\000U\000s\000e\000r\000s\000/\000d\000e\000n\000n\000i\000s\000/\000C\000l\000o\000u\000d\000S\000t\000a\000t\000i\000o\000n\000/\000S\000t\000u\000d\000i\000u\000m\000/\000M\000o\000b\000i\000l\000e\000\040\000R\000o\000b\000o\000t\000e\000r\000/\000S\000o\000f\000t\000w\000a\000r\000e\000/\000l\000i\000b\000/\000c\000a\000l\000i\000b\000r\000a\000t\000e\000/\000c\000a\000l\000i\000b\000r\000a\000t\000e\000.\000h\000\040\000F\000i\000l\000e\000\040\000R\000e\000f\000e\000r\000e\000n\000c\000e}{chapter.6}% 214
\BOOKMARK [1][-]{section.6.9}{\376\377\0006\000.\0009\000\040\000c\000a\000l\000i\000b\000r\000a\000t\000e\000.\000h}{chapter.6}% 215
\BOOKMARK [1][-]{section.6.10}{\376\377\0006\000.\0001\0000\000\040\000/\000U\000s\000e\000r\000s\000/\000d\000e\000n\000n\000i\000s\000/\000C\000l\000o\000u\000d\000S\000t\000a\000t\000i\000o\000n\000/\000S\000t\000u\000d\000i\000u\000m\000/\000M\000o\000b\000i\000l\000e\000\040\000R\000o\000b\000o\000t\000e\000r\000/\000S\000o\000f\000t\000w\000a\000r\000e\000/\000l\000i\000b\000/\000l\000i\000n\000e\000F\000o\000l\000l\000o\000w\000/\000l\000i\000n\000e\000F\000o\000l\000l\000o\000w\000.\000c\000\040\000F\000i\000l\000e\000\040\000R\000e\000f\000e\000r\000e\000n\000c\000e}{chapter.6}% 216
\BOOKMARK [2][-]{subsection.6.10.1}{\376\377\0006\000.\0001\0000\000.\0001\000\040\000M\000a\000c\000r\000o\000\040\000D\000e\000f\000i\000n\000i\000t\000i\000o\000n\000\040\000D\000o\000c\000u\000m\000e\000n\000t\000a\000t\000i\000o\000n}{section.6.10}% 217
\BOOKMARK [3][-]{subsubsection.6.10.1.1}{\376\377\0006\000.\0001\0000\000.\0001\000.\0001\000\040\000B\000L\000A\000C\000K\000\137\000T\000H\000R\000E\000S\000H\000O\000L\000D}{subsection.6.10.1}% 218
\BOOKMARK [3][-]{subsubsection.6.10.1.2}{\376\377\0006\000.\0001\0000\000.\0001\000.\0002\000\040\000W\000H\000I\000T\000E\000\137\000T\000H\000R\000E\000S\000H\000O\000L\000D}{subsection.6.10.1}% 219
\BOOKMARK [2][-]{subsection.6.10.2}{\376\377\0006\000.\0001\0000\000.\0002\000\040\000V\000a\000r\000i\000a\000b\000l\000e\000\040\000D\000o\000c\000u\000m\000e\000n\000t\000a\000t\000i\000o\000n}{section.6.10}% 220
\BOOKMARK [3][-]{subsubsection.6.10.2.1}{\376\377\0006\000.\0001\0000\000.\0002\000.\0001\000\040\000b\000a\000s\000e\000L\000i\000n\000e\000S\000p\000e\000e\000d}{subsection.6.10.2}% 221
\BOOKMARK [3][-]{subsubsection.6.10.2.2}{\376\377\0006\000.\0001\0000\000.\0002\000.\0002\000\040\000f\000o\000l\000l\000o\000w\000L\000i\000n\000e\000P\000I\000D}{subsection.6.10.2}% 222
\BOOKMARK [3][-]{subsubsection.6.10.2.3}{\376\377\0006\000.\0001\0000\000.\0002\000.\0003\000\040\000l\000a\000s\000t\000L\000i\000n\000e\000V\000a\000l\000u\000e\000s}{subsection.6.10.2}% 223
\BOOKMARK [3][-]{subsubsection.6.10.2.4}{\376\377\0006\000.\0001\0000\000.\0002\000.\0004\000\040\000l\000a\000s\000t\000S\000t\000a\000t\000e}{subsection.6.10.2}% 224
\BOOKMARK [3][-]{subsubsection.6.10.2.5}{\376\377\0006\000.\0001\0000\000.\0002\000.\0005\000\040\000l\000i\000n\000e\000F\000o\000l\000l\000o\000w\000T\000i\000m\000e\000o\000u\000t}{subsection.6.10.2}% 225
\BOOKMARK [3][-]{subsubsection.6.10.2.6}{\376\377\0006\000.\0001\0000\000.\0002\000.\0006\000\040\000n\000e\000x\000t\000S\000e\000a\000r\000c\000h\000S\000t\000a\000t\000e}{subsection.6.10.2}% 226
\BOOKMARK [3][-]{subsubsection.6.10.2.7}{\376\377\0006\000.\0001\0000\000.\0002\000.\0007\000\040\000s\000e\000a\000r\000c\000h\000L\000i\000n\000e\000S\000t\000a\000t\000e}{subsection.6.10.2}% 227
\BOOKMARK [3][-]{subsubsection.6.10.2.8}{\376\377\0006\000.\0001\0000\000.\0002\000.\0008\000\040\000s\000e\000a\000r\000c\000h\000L\000i\000n\000e\000S\000t\000a\000t\000e\000S\000t\000a\000t\000e}{subsection.6.10.2}% 228
\BOOKMARK [1][-]{section.6.11}{\376\377\0006\000.\0001\0001\000\040\000/\000U\000s\000e\000r\000s\000/\000d\000e\000n\000n\000i\000s\000/\000C\000l\000o\000u\000d\000S\000t\000a\000t\000i\000o\000n\000/\000S\000t\000u\000d\000i\000u\000m\000/\000M\000o\000b\000i\000l\000e\000\040\000R\000o\000b\000o\000t\000e\000r\000/\000S\000o\000f\000t\000w\000a\000r\000e\000/\000l\000i\000b\000/\000l\000i\000n\000e\000F\000o\000l\000l\000o\000w\000/\000l\000i\000n\000e\000F\000o\000l\000l\000o\000w\000.\000h\000\040\000F\000i\000l\000e\000\040\000R\000e\000f\000e\000r\000e\000n\000c\000e}{chapter.6}% 229
\BOOKMARK [1][-]{section.6.12}{\376\377\0006\000.\0001\0002\000\040\000l\000i\000n\000e\000F\000o\000l\000l\000o\000w\000.\000h}{chapter.6}% 230
\BOOKMARK [1][-]{section.6.13}{\376\377\0006\000.\0001\0003\000\040\000/\000U\000s\000e\000r\000s\000/\000d\000e\000n\000n\000i\000s\000/\000C\000l\000o\000u\000d\000S\000t\000a\000t\000i\000o\000n\000/\000S\000t\000u\000d\000i\000u\000m\000/\000M\000o\000b\000i\000l\000e\000\040\000R\000o\000b\000o\000t\000e\000r\000/\000S\000o\000f\000t\000w\000a\000r\000e\000/\000l\000i\000b\000/\000o\000b\000s\000t\000a\000c\000l\000e\000A\000v\000o\000i\000d\000a\000n\000c\000e\000/\000o\000b\000s\000t\000a\000c\000l\000e\000A\000v\000o\000i\000d\000a\000n\000c\000e\000.\000c\000\040\000F\000i\000l\000e\000\040\000R\000e\000f\000e\000r\000e\000n\000c\000e}{chapter.6}% 231
\BOOKMARK [2][-]{subsection.6.13.1}{\376\377\0006\000.\0001\0003\000.\0001\000\040\000M\000a\000c\000r\000o\000\040\000D\000e\000f\000i\000n\000i\000t\000i\000o\000n\000\040\000D\000o\000c\000u\000m\000e\000n\000t\000a\000t\000i\000o\000n}{section.6.13}% 232
\BOOKMARK [3][-]{subsubsection.6.13.1.1}{\376\377\0006\000.\0001\0003\000.\0001\000.\0001\000\040\000A\000T\000T\000A\000C\000K\000\137\000A\000N\000G\000L\000E}{subsection.6.13.1}% 233
\BOOKMARK [3][-]{subsubsection.6.13.1.2}{\376\377\0006\000.\0001\0003\000.\0001\000.\0002\000\040\000O\000B\000S\000T\000A\000C\000L\000E\000\137\000R\000A\000D\000I\000U\000S}{subsection.6.13.1}% 234
\BOOKMARK [3][-]{subsubsection.6.13.1.3}{\376\377\0006\000.\0001\0003\000.\0001\000.\0003\000\040\000S\000A\000F\000E\000T\000Y\000\137\000D\000I\000S\000T\000A\000N\000C\000E}{subsection.6.13.1}% 235
\BOOKMARK [2][-]{subsection.6.13.2}{\376\377\0006\000.\0001\0003\000.\0002\000\040\000V\000a\000r\000i\000a\000b\000l\000e\000\040\000D\000o\000c\000u\000m\000e\000n\000t\000a\000t\000i\000o\000n}{section.6.13}% 236
\BOOKMARK [3][-]{subsubsection.6.13.2.1}{\376\377\0006\000.\0001\0003\000.\0002\000.\0001\000\040\000n\000e\000x\000t\000O\000b\000s\000t\000a\000c\000l\000e\000A\000v\000o\000i\000d\000a\000n\000c\000e\000S\000t\000a\000t\000e}{subsection.6.13.2}% 237
\BOOKMARK [3][-]{subsubsection.6.13.2.2}{\376\377\0006\000.\0001\0003\000.\0002\000.\0002\000\040\000o\000b\000s\000t\000a\000c\000l\000e\000A\000v\000o\000i\000d\000a\000n\000c\000e\000C\000o\000n\000f\000i\000g}{subsection.6.13.2}% 238
\BOOKMARK [3][-]{subsubsection.6.13.2.3}{\376\377\0006\000.\0001\0003\000.\0002\000.\0003\000\040\000o\000b\000s\000t\000a\000c\000l\000e\000A\000v\000o\000i\000d\000a\000n\000c\000e\000S\000t\000a\000t\000e}{subsection.6.13.2}% 239
\BOOKMARK [3][-]{subsubsection.6.13.2.4}{\376\377\0006\000.\0001\0003\000.\0002\000.\0004\000\040\000o\000b\000s\000t\000a\000c\000l\000e\000A\000v\000o\000i\000d\000a\000n\000c\000e\000S\000t\000a\000t\000e\000S\000t\000a\000t\000e}{subsection.6.13.2}% 240
\BOOKMARK [1][-]{section.6.14}{\376\377\0006\000.\0001\0004\000\040\000/\000U\000s\000e\000r\000s\000/\000d\000e\000n\000n\000i\000s\000/\000C\000l\000o\000u\000d\000S\000t\000a\000t\000i\000o\000n\000/\000S\000t\000u\000d\000i\000u\000m\000/\000M\000o\000b\000i\000l\000e\000\040\000R\000o\000b\000o\000t\000e\000r\000/\000S\000o\000f\000t\000w\000a\000r\000e\000/\000l\000i\000b\000/\000o\000b\000s\000t\000a\000c\000l\000e\000A\000v\000o\000i\000d\000a\000n\000c\000e\000/\000o\000b\000s\000t\000a\000c\000l\000e\000A\000v\000o\000i\000d\000a\000n\000c\000e\000.\000h\000\040\000F\000i\000l\000e\000\040\000R\000e\000f\000e\000r\000e\000n\000c\000e}{chapter.6}% 241
\BOOKMARK [1][-]{section.6.15}{\376\377\0006\000.\0001\0005\000\040\000o\000b\000s\000t\000a\000c\000l\000e\000A\000v\000o\000i\000d\000a\000n\000c\000e\000.\000h}{chapter.6}% 242
\BOOKMARK [1][-]{section.6.16}{\376\377\0006\000.\0001\0006\000\040\000/\000U\000s\000e\000r\000s\000/\000d\000e\000n\000n\000i\000s\000/\000C\000l\000o\000u\000d\000S\000t\000a\000t\000i\000o\000n\000/\000S\000t\000u\000d\000i\000u\000m\000/\000M\000o\000b\000i\000l\000e\000\040\000R\000o\000b\000o\000t\000e\000r\000/\000S\000o\000f\000t\000w\000a\000r\000e\000/\000l\000i\000b\000/\000p\000a\000r\000c\000o\000u\000r\000/\000p\000a\000r\000c\000o\000u\000r\000.\000c\000\040\000F\000i\000l\000e\000\040\000R\000e\000f\000e\000r\000e\000n\000c\000e}{chapter.6}% 243
\BOOKMARK [2][-]{subsection.6.16.1}{\376\377\0006\000.\0001\0006\000.\0001\000\040\000F\000u\000n\000c\000t\000i\000o\000n\000\040\000D\000o\000c\000u\000m\000e\000n\000t\000a\000t\000i\000o\000n}{section.6.16}% 244
\BOOKMARK [3][-]{subsubsection.6.16.1.1}{\376\377\0006\000.\0001\0006\000.\0001\000.\0001\000\040\000a\000v\000o\000i\000d\000i\000n\000g\000O\000b\000s\000t\000a\000c\000l\000e\000\050\000\051}{subsection.6.16.1}% 245
\BOOKMARK [3][-]{subsubsection.6.16.1.2}{\376\377\0006\000.\0001\0006\000.\0001\000.\0002\000\040\000c\000a\000l\000i\000b\000r\000a\000t\000e\000A\000r\000m\000u\000r\000o\000\050\000\051}{subsection.6.16.1}% 246
\BOOKMARK [3][-]{subsubsection.6.16.1.3}{\376\377\0006\000.\0001\0006\000.\0001\000.\0003\000\040\000d\000r\000i\000v\000e\000T\000r\000a\000j\000e\000c\000t\000o\000r\000y\000\050\000\051}{subsection.6.16.1}% 247
\BOOKMARK [3][-]{subsubsection.6.16.1.4}{\376\377\0006\000.\0001\0006\000.\0001\000.\0004\000\040\000l\000i\000n\000e\000F\000o\000l\000l\000o\000w\000\050\000\051}{subsection.6.16.1}% 248
\BOOKMARK [3][-]{subsubsection.6.16.1.5}{\376\377\0006\000.\0001\0006\000.\0001\000.\0005\000\040\000o\000v\000e\000r\000c\000o\000m\000e\000G\000a\000p\000\050\000\051}{subsection.6.16.1}% 249
\BOOKMARK [3][-]{subsubsection.6.16.1.6}{\376\377\0006\000.\0001\0006\000.\0001\000.\0006\000\040\000s\000e\000a\000r\000c\000h\000T\000h\000e\000L\000i\000n\000e\000\050\000\051}{subsection.6.16.1}% 250
\BOOKMARK [1][-]{section.6.17}{\376\377\0006\000.\0001\0007\000\040\000/\000U\000s\000e\000r\000s\000/\000d\000e\000n\000n\000i\000s\000/\000C\000l\000o\000u\000d\000S\000t\000a\000t\000i\000o\000n\000/\000S\000t\000u\000d\000i\000u\000m\000/\000M\000o\000b\000i\000l\000e\000\040\000R\000o\000b\000o\000t\000e\000r\000/\000S\000o\000f\000t\000w\000a\000r\000e\000/\000l\000i\000b\000/\000p\000a\000r\000c\000o\000u\000r\000/\000p\000a\000r\000c\000o\000u\000r\000.\000h\000\040\000F\000i\000l\000e\000\040\000R\000e\000f\000e\000r\000e\000n\000c\000e}{chapter.6}% 251
\BOOKMARK [1][-]{section.6.18}{\376\377\0006\000.\0001\0008\000\040\000p\000a\000r\000c\000o\000u\000r\000.\000h}{chapter.6}% 252
\BOOKMARK [1][-]{section.6.19}{\376\377\0006\000.\0001\0009\000\040\000/\000U\000s\000e\000r\000s\000/\000d\000e\000n\000n\000i\000s\000/\000C\000l\000o\000u\000d\000S\000t\000a\000t\000i\000o\000n\000/\000S\000t\000u\000d\000i\000u\000m\000/\000M\000o\000b\000i\000l\000e\000\040\000R\000o\000b\000o\000t\000e\000r\000/\000S\000o\000f\000t\000w\000a\000r\000e\000/\000l\000i\000b\000/\000p\000i\000d\000C\000o\000n\000t\000r\000o\000l\000l\000e\000r\000/\000p\000i\000d\000C\000o\000n\000t\000r\000o\000l\000l\000e\000r\000.\000c\000\040\000F\000i\000l\000e\000\040\000R\000e\000f\000e\000r\000e\000n\000c\000e}{chapter.6}% 253
\BOOKMARK [1][-]{section.6.20}{\376\377\0006\000.\0002\0000\000\040\000/\000U\000s\000e\000r\000s\000/\000d\000e\000n\000n\000i\000s\000/\000C\000l\000o\000u\000d\000S\000t\000a\000t\000i\000o\000n\000/\000S\000t\000u\000d\000i\000u\000m\000/\000M\000o\000b\000i\000l\000e\000\040\000R\000o\000b\000o\000t\000e\000r\000/\000S\000o\000f\000t\000w\000a\000r\000e\000/\000l\000i\000b\000/\000p\000i\000d\000C\000o\000n\000t\000r\000o\000l\000l\000e\000r\000/\000p\000i\000d\000C\000o\000n\000t\000r\000o\000l\000l\000e\000r\000.\000h\000\040\000F\000i\000l\000e\000\040\000R\000e\000f\000e\000r\000e\000n\000c\000e}{chapter.6}% 254
\BOOKMARK [1][-]{section.6.21}{\376\377\0006\000.\0002\0001\000\040\000p\000i\000d\000C\000o\000n\000t\000r\000o\000l\000l\000e\000r\000.\000h}{chapter.6}% 255
\BOOKMARK [1][-]{section.6.22}{\376\377\0006\000.\0002\0002\000\040\000/\000U\000s\000e\000r\000s\000/\000d\000e\000n\000n\000i\000s\000/\000C\000l\000o\000u\000d\000S\000t\000a\000t\000i\000o\000n\000/\000S\000t\000u\000d\000i\000u\000m\000/\000M\000o\000b\000i\000l\000e\000\040\000R\000o\000b\000o\000t\000e\000r\000/\000S\000o\000f\000t\000w\000a\000r\000e\000/\000l\000i\000b\000/\000s\000t\000a\000t\000e\000M\000a\000c\000h\000i\000n\000e\000/\000s\000t\000a\000t\000e\000M\000a\000c\000h\000i\000n\000e\000.\000h\000\040\000F\000i\000l\000e\000\040\000R\000e\000f\000e\000r\000e\000n\000c\000e}{chapter.6}% 256
\BOOKMARK [2][-]{subsection.6.22.1}{\376\377\0006\000.\0002\0002\000.\0001\000\040\000T\000y\000p\000e\000d\000e\000f\000\040\000D\000o\000c\000u\000m\000e\000n\000t\000a\000t\000i\000o\000n}{section.6.22}% 257
\BOOKMARK [3][-]{subsubsection.6.22.1.1}{\376\377\0006\000.\0002\0002\000.\0001\000.\0001\000\040\000S\000t\000a\000t\000e}{subsection.6.22.1}% 258
\BOOKMARK [2][-]{subsection.6.22.2}{\376\377\0006\000.\0002\0002\000.\0002\000\040\000E\000n\000u\000m\000e\000r\000a\000t\000i\000o\000n\000\040\000T\000y\000p\000e\000\040\000D\000o\000c\000u\000m\000e\000n\000t\000a\000t\000i\000o\000n}{section.6.22}% 259
\BOOKMARK [3][-]{subsubsection.6.22.2.1}{\376\377\0006\000.\0002\0002\000.\0002\000.\0001\000\040\000S\000t\000a\000t\000e}{subsection.6.22.2}% 260
\BOOKMARK [1][-]{section.6.23}{\376\377\0006\000.\0002\0003\000\040\000s\000t\000a\000t\000e\000M\000a\000c\000h\000i\000n\000e\000.\000h}{chapter.6}% 261
\BOOKMARK [1][-]{section.6.24}{\376\377\0006\000.\0002\0004\000\040\000/\000U\000s\000e\000r\000s\000/\000d\000e\000n\000n\000i\000s\000/\000C\000l\000o\000u\000d\000S\000t\000a\000t\000i\000o\000n\000/\000S\000t\000u\000d\000i\000u\000m\000/\000M\000o\000b\000i\000l\000e\000\040\000R\000o\000b\000o\000t\000e\000r\000/\000S\000o\000f\000t\000w\000a\000r\000e\000/\000l\000i\000b\000/\000t\000r\000a\000j\000e\000c\000t\000o\000r\000y\000/\000t\000r\000a\000j\000e\000c\000t\000o\000r\000y\000.\000c\000\040\000F\000i\000l\000e\000\040\000R\000e\000f\000e\000r\000e\000n\000c\000e}{chapter.6}% 262
\BOOKMARK [2][-]{subsection.6.24.1}{\376\377\0006\000.\0002\0004\000.\0001\000\040\000F\000u\000n\000c\000t\000i\000o\000n\000\040\000D\000o\000c\000u\000m\000e\000n\000t\000a\000t\000i\000o\000n}{section.6.24}% 263
\BOOKMARK [3][-]{subsubsection.6.24.1.1}{\376\377\0006\000.\0002\0004\000.\0001\000.\0001\000\040\000d\000r\000i\000v\000e\000F\000i\000r\000s\000t\000T\000r\000a\000j\000e\000c\000t\000o\000r\000y\000P\000a\000r\000t\000\050\000\051}{subsection.6.24.1}% 264
\BOOKMARK [3][-]{subsubsection.6.24.1.2}{\376\377\0006\000.\0002\0004\000.\0001\000.\0002\000\040\000d\000r\000i\000v\000e\000S\000e\000c\000o\000n\000d\000T\000r\000a\000j\000e\000c\000t\000o\000r\000y\000P\000a\000r\000t\000\050\000\051}{subsection.6.24.1}% 265
\BOOKMARK [3][-]{subsubsection.6.24.1.3}{\376\377\0006\000.\0002\0004\000.\0001\000.\0003\000\040\000d\000r\000i\000v\000e\000T\000h\000i\000r\000d\000T\000r\000a\000j\000e\000c\000t\000o\000r\000y\000P\000a\000r\000t\000\050\000\051}{subsection.6.24.1}% 266
\BOOKMARK [3][-]{subsubsection.6.24.1.4}{\376\377\0006\000.\0002\0004\000.\0001\000.\0004\000\040\000t\000u\000r\000n\000T\000o\000S\000e\000c\000o\000n\000d\000T\000r\000a\000j\000e\000c\000t\000o\000r\000y\000P\000a\000r\000t\000\050\000\051}{subsection.6.24.1}% 267
\BOOKMARK [3][-]{subsubsection.6.24.1.5}{\376\377\0006\000.\0002\0004\000.\0001\000.\0005\000\040\000t\000u\000r\000n\000T\000o\000T\000h\000i\000r\000d\000T\000r\000a\000j\000e\000c\000t\000o\000r\000y\000P\000a\000r\000t\000\050\000\051}{subsection.6.24.1}% 268
\BOOKMARK [2][-]{subsection.6.24.2}{\376\377\0006\000.\0002\0004\000.\0002\000\040\000V\000a\000r\000i\000a\000b\000l\000e\000\040\000D\000o\000c\000u\000m\000e\000n\000t\000a\000t\000i\000o\000n}{section.6.24}% 269
\BOOKMARK [3][-]{subsubsection.6.24.2.1}{\376\377\0006\000.\0002\0004\000.\0002\000.\0001\000\040\000c\000u\000r\000r\000e\000n\000t\000T\000r\000a\000j\000e\000c\000t\000o\000r\000y\000S\000t\000a\000t\000e}{subsection.6.24.2}% 270
\BOOKMARK [3][-]{subsubsection.6.24.2.2}{\376\377\0006\000.\0002\0004\000.\0002\000.\0002\000\040\000n\000e\000x\000t\000T\000r\000a\000j\000e\000c\000t\000o\000r\000y\000S\000t\000a\000t\000e}{subsection.6.24.2}% 271
\BOOKMARK [3][-]{subsubsection.6.24.2.3}{\376\377\0006\000.\0002\0004\000.\0002\000.\0003\000\040\000t\000r\000a\000j\000e\000c\000t\000o\000r\000y\000S\000t\000a\000t\000e\000S\000t\000a\000t\000e}{subsection.6.24.2}% 272
\BOOKMARK [1][-]{section.6.25}{\376\377\0006\000.\0002\0005\000\040\000/\000U\000s\000e\000r\000s\000/\000d\000e\000n\000n\000i\000s\000/\000C\000l\000o\000u\000d\000S\000t\000a\000t\000i\000o\000n\000/\000S\000t\000u\000d\000i\000u\000m\000/\000M\000o\000b\000i\000l\000e\000\040\000R\000o\000b\000o\000t\000e\000r\000/\000S\000o\000f\000t\000w\000a\000r\000e\000/\000l\000i\000b\000/\000t\000r\000a\000j\000e\000c\000t\000o\000r\000y\000/\000t\000r\000a\000j\000e\000c\000t\000o\000r\000y\000.\000h\000\040\000F\000i\000l\000e\000\040\000R\000e\000f\000e\000r\000e\000n\000c\000e}{chapter.6}% 273
\BOOKMARK [1][-]{section.6.26}{\376\377\0006\000.\0002\0006\000\040\000t\000r\000a\000j\000e\000c\000t\000o\000r\000y\000.\000h}{chapter.6}% 274
\BOOKMARK [1][-]{section.6.27}{\376\377\0006\000.\0002\0007\000\040\000/\000U\000s\000e\000r\000s\000/\000d\000e\000n\000n\000i\000s\000/\000C\000l\000o\000u\000d\000S\000t\000a\000t\000i\000o\000n\000/\000S\000t\000u\000d\000i\000u\000m\000/\000M\000o\000b\000i\000l\000e\000\040\000R\000o\000b\000o\000t\000e\000r\000/\000S\000o\000f\000t\000w\000a\000r\000e\000/\000l\000i\000b\000/\000w\000h\000e\000e\000l\000s\000/\000w\000h\000e\000e\000l\000s\000.\000c\000\040\000F\000i\000l\000e\000\040\000R\000e\000f\000e\000r\000e\000n\000c\000e}{chapter.6}% 275
\BOOKMARK [2][-]{subsection.6.27.1}{\376\377\0006\000.\0002\0007\000.\0001\000\040\000M\000a\000c\000r\000o\000\040\000D\000e\000f\000i\000n\000i\000t\000i\000o\000n\000\040\000D\000o\000c\000u\000m\000e\000n\000t\000a\000t\000i\000o\000n}{section.6.27}% 276
\BOOKMARK [3][-]{subsubsection.6.27.1.1}{\376\377\0006\000.\0002\0007\000.\0001\000.\0001\000\040\000M\000A\000X\000\137\000R\000O\000T\000A\000T\000I\000O\000N\000\137\000R\000A\000T\000E}{subsection.6.27.1}% 277
\BOOKMARK [2][-]{subsection.6.27.2}{\376\377\0006\000.\0002\0007\000.\0002\000\040\000F\000u\000n\000c\000t\000i\000o\000n\000\040\000D\000o\000c\000u\000m\000e\000n\000t\000a\000t\000i\000o\000n}{section.6.27}% 278
\BOOKMARK [3][-]{subsubsection.6.27.2.1}{\376\377\0006\000.\0002\0007\000.\0002\000.\0001\000\040\000s\000e\000t\000u\000p\000S\000y\000n\000c\000h\000r\000o\000n\000i\000z\000e\000d\000P\000I\000D\000\050\000\051}{subsection.6.27.2}% 279
\BOOKMARK [3][-]{subsubsection.6.27.2.2}{\376\377\0006\000.\0002\0007\000.\0002\000.\0002\000\040\000t\000u\000r\000n\000A\000r\000m\000u\000r\000o\000T\000a\000s\000k\000\050\000\051}{subsection.6.27.2}% 280
\BOOKMARK [3][-]{subsubsection.6.27.2.3}{\376\377\0006\000.\0002\0007\000.\0002\000.\0003\000\040\000t\000u\000r\000n\000W\000h\000e\000e\000l\000B\000y\000A\000n\000g\000l\000e\000I\000n\000T\000i\000m\000e\000T\000a\000s\000k\000\050\000\051}{subsection.6.27.2}% 281
\BOOKMARK [3][-]{subsubsection.6.27.2.4}{\376\377\0006\000.\0002\0007\000.\0002\000.\0004\000\040\000t\000u\000r\000n\000W\000h\000e\000e\000l\000B\000y\000A\000n\000g\000l\000e\000T\000a\000s\000k\000\050\000\051}{subsection.6.27.2}% 282
\BOOKMARK [3][-]{subsubsection.6.27.2.5}{\376\377\0006\000.\0002\0007\000.\0002\000.\0005\000\040\000t\000u\000r\000n\000W\000h\000e\000e\000l\000s\000S\000y\000n\000c\000h\000r\000o\000n\000i\000z\000e\000d\000B\000y\000A\000n\000g\000l\000e\000T\000a\000s\000k\000\050\000\051}{subsection.6.27.2}% 283
\BOOKMARK [3][-]{subsubsection.6.27.2.6}{\376\377\0006\000.\0002\0007\000.\0002\000.\0006\000\040\000t\000u\000r\000n\000W\000h\000e\000e\000l\000s\000S\000y\000n\000c\000h\000r\000o\000n\000i\000z\000e\000d\000T\000a\000s\000k\000\050\000\051}{subsection.6.27.2}% 284
\BOOKMARK [2][-]{subsection.6.27.3}{\376\377\0006\000.\0002\0007\000.\0003\000\040\000V\000a\000r\000i\000a\000b\000l\000e\000\040\000D\000o\000c\000u\000m\000e\000n\000t\000a\000t\000i\000o\000n}{section.6.27}% 285
\BOOKMARK [3][-]{subsubsection.6.27.3.1}{\376\377\0006\000.\0002\0007\000.\0003\000.\0001\000\040\000a\000n\000g\000l\000e\000S\000e\000t\000p\000o\000i\000n\000t}{subsection.6.27.3}% 286
\BOOKMARK [3][-]{subsubsection.6.27.3.2}{\376\377\0006\000.\0002\0007\000.\0003\000.\0002\000\040\000a\000n\000g\000l\000e\000T\000i\000m\000e\000o\000u\000t}{subsection.6.27.3}% 287
\BOOKMARK [3][-]{subsubsection.6.27.3.3}{\376\377\0006\000.\0002\0007\000.\0003\000.\0003\000\040\000c\000u\000r\000r\000e\000n\000t\000S\000p\000e\000e\000d\000S\000e\000t\000p\000o\000i\000n\000t}{subsection.6.27.3}% 288
\BOOKMARK [3][-]{subsubsection.6.27.3.4}{\376\377\0006\000.\0002\0007\000.\0003\000.\0004\000\040\000o\000l\000d\000A\000n\000g\000l\000e}{subsection.6.27.3}% 289
\BOOKMARK [3][-]{subsubsection.6.27.3.5}{\376\377\0006\000.\0002\0007\000.\0003\000.\0005\000\040\000r\000o\000t\000a\000t\000i\000o\000n\000R\000a\000t\000e\000S\000e\000t\000p\000o\000i\000n\000t}{subsection.6.27.3}% 290
\BOOKMARK [3][-]{subsubsection.6.27.3.6}{\376\377\0006\000.\0002\0007\000.\0003\000.\0006\000\040\000s\000p\000e\000e\000d\000S\000e\000t\000p\000o\000i\000n\000t}{subsection.6.27.3}% 291
\BOOKMARK [3][-]{subsubsection.6.27.3.7}{\376\377\0006\000.\0002\0007\000.\0003\000.\0007\000\040\000s\000y\000n\000c\000h\000r\000o\000n\000i\000z\000e\000W\000h\000e\000e\000l\000s\000P\000I\000D}{subsection.6.27.3}% 292
\BOOKMARK [3][-]{subsubsection.6.27.3.8}{\376\377\0006\000.\0002\0007\000.\0003\000.\0008\000\040\000s\000y\000n\000c\000h\000r\000o\000n\000i\000z\000e\000W\000h\000e\000e\000l\000s\000T\000i\000m\000e\000o\000u\000t}{subsection.6.27.3}% 293
\BOOKMARK [3][-]{subsubsection.6.27.3.9}{\376\377\0006\000.\0002\0007\000.\0003\000.\0009\000\040\000t\000u\000r\000n\000i\000n\000g\000W\000h\000e\000e\000l\000s}{subsection.6.27.3}% 294
\BOOKMARK [3][-]{subsubsection.6.27.3.10}{\376\377\0006\000.\0002\0007\000.\0003\000.\0001\0000\000\040\000w\000h\000e\000e\000l\000s\000P\000I\000D}{subsection.6.27.3}% 295
\BOOKMARK [1][-]{section.6.28}{\376\377\0006\000.\0002\0008\000\040\000/\000U\000s\000e\000r\000s\000/\000d\000e\000n\000n\000i\000s\000/\000C\000l\000o\000u\000d\000S\000t\000a\000t\000i\000o\000n\000/\000S\000t\000u\000d\000i\000u\000m\000/\000M\000o\000b\000i\000l\000e\000\040\000R\000o\000b\000o\000t\000e\000r\000/\000S\000o\000f\000t\000w\000a\000r\000e\000/\000l\000i\000b\000/\000w\000h\000e\000e\000l\000s\000/\000w\000h\000e\000e\000l\000s\000.\000h\000\040\000F\000i\000l\000e\000\040\000R\000e\000f\000e\000r\000e\000n\000c\000e}{chapter.6}% 296
\BOOKMARK [2][-]{subsection.6.28.1}{\376\377\0006\000.\0002\0008\000.\0001\000\040\000F\000u\000n\000c\000t\000i\000o\000n\000\040\000D\000o\000c\000u\000m\000e\000n\000t\000a\000t\000i\000o\000n}{section.6.28}% 297
\BOOKMARK [3][-]{subsubsection.6.28.1.1}{\376\377\0006\000.\0002\0008\000.\0001\000.\0001\000\040\000t\000u\000r\000n\000A\000r\000m\000u\000r\000o\000T\000a\000s\000k\000\050\000\051}{subsection.6.28.1}% 298
\BOOKMARK [3][-]{subsubsection.6.28.1.2}{\376\377\0006\000.\0002\0008\000.\0001\000.\0002\000\040\000t\000u\000r\000n\000W\000h\000e\000e\000l\000B\000y\000A\000n\000g\000l\000e\000I\000n\000T\000i\000m\000e\000T\000a\000s\000k\000\050\000\051}{subsection.6.28.1}% 299
\BOOKMARK [3][-]{subsubsection.6.28.1.3}{\376\377\0006\000.\0002\0008\000.\0001\000.\0003\000\040\000t\000u\000r\000n\000W\000h\000e\000e\000l\000B\000y\000A\000n\000g\000l\000e\000T\000a\000s\000k\000\050\000\051}{subsection.6.28.1}% 300
\BOOKMARK [3][-]{subsubsection.6.28.1.4}{\376\377\0006\000.\0002\0008\000.\0001\000.\0004\000\040\000t\000u\000r\000n\000W\000h\000e\000e\000l\000s\000S\000y\000n\000c\000h\000r\000o\000n\000i\000z\000e\000d\000B\000y\000A\000n\000g\000l\000e\000T\000a\000s\000k\000\050\000\051}{subsection.6.28.1}% 301
\BOOKMARK [3][-]{subsubsection.6.28.1.5}{\376\377\0006\000.\0002\0008\000.\0001\000.\0005\000\040\000t\000u\000r\000n\000W\000h\000e\000e\000l\000s\000S\000y\000n\000c\000h\000r\000o\000n\000i\000z\000e\000d\000T\000a\000s\000k\000\050\000\051}{subsection.6.28.1}% 302
\BOOKMARK [1][-]{section.6.29}{\376\377\0006\000.\0002\0009\000\040\000w\000h\000e\000e\000l\000s\000.\000h}{chapter.6}% 303
\BOOKMARK [0][-]{section*.83}{\376\377\000I\000n\000d\000e\000x}{}% 304
